<?xml version="1.0" encoding="UTF-8"?>
<!-- Generated by org.testng.reporters.JUnitXMLReporter -->
<testsuite ignored="0" hostname="DESKTOP-U0TNFHN" failures="0" tests="3" name="Default test" time="40.012" errors="0" timestamp="2022-01-25T16:24:54 EET">
  <testcase classname="dewanTests.ReturnPurchaseFillFiltersDataTest" name="FillFilterTest" time="32.115"/>
  <testcase classname="dewanTests.ReturnPurchaseFillFiltersDataTest" name="ClickOnExportBtn" time="5.774"/>
  <testcase classname="dewanTests.ReturnPurchaseFillFiltersDataTest" name="LogOut" time="1.857"/>
</testsuite> <!-- Default test -->
